#
# There is insufficient memory for the Java Runtime Environment to continue.
# Native memory allocation (malloc) failed to allocate 1048576 bytes for AllocateHeap
# Possible reasons:
#   The system is out of physical RAM or swap space
#   In 32 bit mode, the process size limit was hit
# Possible solutions:
#   Reduce memory load on the system
#   Increase physical memory or swap space
#   Check if swap backing store is full
#   Use 64 bit Java on a 64 bit OS
#   Decrease Java heap size (-Xmx/-Xms)
#   Decrease number of Java threads
#   Decrease Java thread stack sizes (-Xss)
#   Set larger code cache with -XX:ReservedCodeCacheSize=
# This output file may be truncated or incomplete.
#
#  Out of Memory Error (memory/allocation.inline.hpp:61), pid=9856, tid=0x000000000000430c
#
# JRE version:  (8.0_131-b11) (build )
# Java VM: Java HotSpot(TM) 64-Bit Server VM (25.131-b11 mixed mode windows-amd64 compressed oops)
# Failed to write core dump. Minidumps are not enabled by default on client versions of Windows
#

---------------  T H R E A D  ---------------

Current thread (0x0000000002ed0800):  JavaThread "Unknown thread" [_thread_in_vm, id=17164, stack(0x0000000002ce0000,0x0000000002de0000)]

Stack: [0x0000000002ce0000,0x0000000002de0000]
[error occurred during error reporting (printing stack bounds), id 0xc0000005]

Native frames: (J=compiled Java code, j=interpreted, Vv=VM code, C=native code)


---------------  P R O C E S S  ---------------

Java Threads: ( => current thread )

Other Threads:

=>0x0000000002ed0800 (exited) JavaThread "Unknown thread" [_thread_in_vm, id=17164, stack(0x0000000002ce0000,0x0000000002de0000)]

VM state:not at safepoint (normal execution)

VM Mutex/Monitor currently owned by a thread: None

Heap:
 PSYoungGen      total 38400K, used 665K [0x00000000d5d00000, 0x00000000d8780000, 0x0000000100000000)
  eden space 33280K, 2% used [0x00000000d5d00000,0x00000000d5da6670,0x00000000d7d80000)
  from space 5120K, 0% used [0x00000000d8280000,0x00000000d8280000,0x00000000d8780000)
  to   space 5120K, 0% used [0x00000000d7d80000,0x00000000d7d80000,0x00000000d8280000)
 ParOldGen       total 87552K, used 0K [0x0000000081600000, 0x0000000086b80000, 0x00000000d5d00000)
  object space 87552K, 0% used [0x0000000081600000,0x0000000081600000,0x0000000086b80000)
 Metaspace       used 746K, capacity 4480K, committed 4480K, reserved 1056768K
  class space    used 75K, capacity 384K, committed 384K, reserved 1048576K

Card table byte_map: [0x0000000012390000,0x0000000012790000] byte_map_base: 0x0000000011f85000

Marking Bits: (ParMarkBitMap*) 0x000000006d1ac720
 Begin Bits: [0x0000000013240000, 0x00000000151e8000)
 End Bits:   [0x00000000151e8000, 0x0000000017190000)

Polling page: 0x00000000014b0000

CodeCache: size=245760Kb used=328Kb max_used=328Kb free=245431Kb
 bounds [0x0000000002fd0000, 0x0000000003240000, 0x0000000011fd0000]
 total_blobs=58 nmethods=0 adapters=38
 compilation: enabled

Compilation events (0 events):
No events

GC Heap History (0 events):
No events

Deoptimization events (0 events):
No events

Internal exceptions (0 events):
No events

Events (10 events):
Event: 0.103 loading class java/lang/Short
Event: 0.103 loading class java/lang/Short done
Event: 0.103 loading class java/lang/Integer
Event: 0.103 loading class java/lang/Integer done
Event: 0.103 loading class java/lang/Long
Event: 0.104 loading class java/lang/Long done
Event: 0.104 loading class java/lang/NullPointerException
Event: 0.104 loading class java/lang/NullPointerException done
Event: 0.104 loading class java/lang/ArithmeticException
Event: 0.104 loading class java/lang/ArithmeticException done


Dynamic libraries:
0x00007ff7a64c0000 - 0x00007ff7a64f7000 	C:\Program Files\Java\jre1.8.0_131\bin\javaw.exe
0x00007ffbb4910000 - 0x00007ffbb4ae1000 	C:\WINDOWS\SYSTEM32\ntdll.dll
0x00007ffbb3d80000 - 0x00007ffbb3e2b000 	C:\WINDOWS\System32\KERNEL32.DLL
0x00007ffba3c00000 - 0x00007ffba3c33000 	C:\Program Files\AVAST Software\Avast\x64\aswhooka.dll
0x00007ffbb12d0000 - 0x00007ffbb14ed000 	C:\WINDOWS\System32\KERNELBASE.dll
0x00007ffbaf300000 - 0x00007ffbaf37a000 	C:\WINDOWS\system32\apphelp.dll
0x00007ffba68f0000 - 0x00007ffba6943000 	C:\WINDOWS\AppPatch\AppPatch64\AcGenral.DLL
0x00007ffbb3a40000 - 0x00007ffbb3ade000 	C:\WINDOWS\System32\msvcrt.dll
0x00007ffbb48b0000 - 0x00007ffbb4909000 	C:\WINDOWS\System32\sechost.dll
0x00007ffbb3ae0000 - 0x00007ffbb3c01000 	C:\WINDOWS\System32\RPCRT4.dll
0x00007ffbb21b0000 - 0x00007ffbb2202000 	C:\WINDOWS\System32\SHLWAPI.dll
0x00007ffbb4020000 - 0x00007ffbb42e8000 	C:\WINDOWS\System32\combase.dll
0x00007ffbb0fe0000 - 0x00007ffbb10d5000 	C:\WINDOWS\System32\ucrtbase.dll
0x00007ffbb14f0000 - 0x00007ffbb155a000 	C:\WINDOWS\System32\bcryptPrimitives.dll
0x00007ffbb3d20000 - 0x00007ffbb3d54000 	C:\WINDOWS\System32\GDI32.dll
0x00007ffbb1560000 - 0x00007ffbb16e2000 	C:\WINDOWS\System32\gdi32full.dll
0x00007ffbb4740000 - 0x00007ffbb48a5000 	C:\WINDOWS\System32\USER32.dll
0x00007ffbb12b0000 - 0x00007ffbb12ce000 	C:\WINDOWS\System32\win32u.dll
0x00007ffbb3e30000 - 0x00007ffbb3f67000 	C:\WINDOWS\System32\ole32.dll
0x00007ffbb2210000 - 0x00007ffbb3719000 	C:\WINDOWS\System32\SHELL32.dll
0x00007ffbb0e80000 - 0x00007ffbb0ec2000 	C:\WINDOWS\System32\cfgmgr32.dll
0x00007ffbb17a0000 - 0x00007ffbb1e7a000 	C:\WINDOWS\System32\windows.storage.dll
0x00007ffbb0d50000 - 0x00007ffbb0d9c000 	C:\WINDOWS\System32\powrprof.dll
0x00007ffbb3f70000 - 0x00007ffbb4012000 	C:\WINDOWS\System32\advapi32.dll
0x00007ffbb0dd0000 - 0x00007ffbb0ddf000 	C:\WINDOWS\System32\kernel.appcore.dll
0x00007ffbb16f0000 - 0x00007ffbb1799000 	C:\WINDOWS\System32\shcore.dll
0x00007ffbb0db0000 - 0x00007ffbb0dc4000 	C:\WINDOWS\System32\profapi.dll
0x00007ffbb0a20000 - 0x00007ffbb0a4c000 	C:\WINDOWS\SYSTEM32\SspiCli.dll
0x00007ffbb0500000 - 0x00007ffbb051f000 	C:\WINDOWS\SYSTEM32\USERENV.dll
0x00007ffba2240000 - 0x00007ffba225b000 	C:\WINDOWS\SYSTEM32\MPR.dll
0x00007ffbb1ef0000 - 0x00007ffbb1f1e000 	C:\WINDOWS\System32\IMM32.DLL
0x00007ffba3720000 - 0x00007ffba3999000 	C:\WINDOWS\WinSxS\amd64_microsoft.windows.common-controls_6595b64144ccf1df_6.0.14393.447_none_42191651c6827bb3\COMCTL32.dll
0x000000006c390000 - 0x000000006c462000 	C:\Program Files\Java\jre1.8.0_131\bin\msvcr100.dll
0x000000006c990000 - 0x000000006d22c000 	C:\Program Files\Java\jre1.8.0_131\bin\server\jvm.dll
0x00007ffbb3d70000 - 0x00007ffbb3d78000 	C:\WINDOWS\System32\PSAPI.DLL
0x00007ffba8e60000 - 0x00007ffba8e69000 	C:\WINDOWS\SYSTEM32\WSOCK32.dll
0x00007ffbb3c10000 - 0x00007ffbb3c7a000 	C:\WINDOWS\System32\WS2_32.dll
0x00007ffbaf1e0000 - 0x00007ffbaf203000 	C:\WINDOWS\SYSTEM32\WINMM.dll
0x00007ffba6b30000 - 0x00007ffba6b3a000 	C:\WINDOWS\SYSTEM32\VERSION.dll
0x00007ffbaf1b0000 - 0x00007ffbaf1db000 	C:\WINDOWS\SYSTEM32\WINMMBASE.dll
0x000000006c8a0000 - 0x000000006c8af000 	C:\Program Files\Java\jre1.8.0_131\bin\verify.dll
0x000000006c870000 - 0x000000006c899000 	C:\Program Files\Java\jre1.8.0_131\bin\java.dll
0x000000006c850000 - 0x000000006c866000 	C:\Program Files\Java\jre1.8.0_131\bin\zip.dll

VM Arguments:
jvm_args: -Dfile.encoding=Cp1252 
java_command: TelaElevador
java_class_path (initial): C:\Users\Guga\git\AutomatoElevador\AutomatoElevador\bin
Launcher Type: SUN_STANDARD

Environment Variables:
JAVA_HOME=C:\Program Files\Java\jdk1.8.0_91\
CLASSPATH=C:\Program Files\Java\jdk1.8.0_91\\lib;C:\Program Files\Java\jdk1.8.0_91\\lib\tools.jar;C:\Program Files\Java\jdk1.8.0_91\\lib\dt.jar;C:\Program Files\Java\jdk1.8.0_91\\lib\htmlconverter.jar;C:\Program Files\Java\jdk1.8.0_91\\jre\lib;C:\Program Files\Java\jdk1.8.0_91\\jre\lib\rt.jar;
PATH=C:/Program Files/Java/jre1.8.0_131/bin/server;C:/Program Files/Java/jre1.8.0_131/bin;C:/Program Files/Java/jre1.8.0_131/lib/amd64;C:\Program Files (x86)\NVIDIA Corporation\PhysX\Common;C:\ProgramData\Oracle\Java\javapath;C:\Program Files (x86)\Intel\iCLS Client\;C:\Program Files\Intel\iCLS Client\;C:\WINDOWS\system32;C:\WINDOWS;C:\WINDOWS\System32\Wbem;C:\WINDOWS\System32\WindowsPowerShell\v1.0\;C:\Program Files (x86)\Intel\OpenCL SDK\2.0\bin\x86;C:\Program Files (x86)\Intel\OpenCL SDK\2.0\bin\x64;C:\Program Files\Java\jdk1.8.0_91\\bin;C:\Program Files\Git\cmd;C:\Program Files\Git\mingw64\bin;C:\Program Files\Git\usr\bin;C:\Program Files (x86)\Skype\Phone\;C:\Users\Guga\AppData\Local\Microsoft\WindowsApps;;C:\Program Files\Eclipse;
USERNAME=Guga
OS=Windows_NT
PROCESSOR_IDENTIFIER=Intel64 Family 6 Model 42 Stepping 7, GenuineIntel



---------------  S Y S T E M  ---------------

OS: Windows 10.0 , 64 bit Build 14393 (10.0.14393.0)

CPU:total 8 (initial active 8) (4 cores per cpu, 2 threads per core) family 6 model 42 stepping 7, cmov, cx8, fxsr, mmx, sse, sse2, sse3, ssse3, sse4.1, sse4.2, popcnt, avx, aes, clmul, ht, tsc, tscinvbit

Memory: 4k page, physical 8295164k(2570356k free), swap 33460988k(5612k free)

vm_info: Java HotSpot(TM) 64-Bit Server VM (25.131-b11) for windows-amd64 JRE (1.8.0_131-b11), built on Mar 15 2017 01:23:53 by "java_re" with MS VC++ 10.0 (VS2010)

time: Tue May 30 17:01:55 2017
elapsed time: 0 seconds (0d 0h 0m 0s)

